#id:	LC487410.1
#START	STOP	FRAME	CONTIG	SCORE
94	2	-	LC487410.1	-1.654150062006254718996154042	
238	116	-	LC487410.1	-2.839817933810657352449367897	
943	305	-	LC487410.1	-18120.35505636590679398061116	
2685	1024	-	LC487410.1	-203636956401.0162460083024213	
3262	2792	-	LC487410.1	-1017.058557446183841049810779	
3404	3565	+	LC487410.1	-0.5194181613869424978318936024	
3721	3629	-	LC487410.1	-0.06894552272429704570442123648	
3918	3787	-	LC487410.1	-13.76266617023745889690830680	
3941	4165	+	LC487410.1	-0.07051796354146509851109098404	
4416	4535	+	LC487410.1	-2.567813463873657102674106696	
4599	4904	+	LC487410.1	-19.34266939696288532971928771	
4915	5205	+	LC487410.1	-160.8652559724946329192173671	
5306	5509	+	LC487410.1	-33.56455058984373919589144469	
5571	5954	+	LC487410.1	-99.69504518038077005394403497	
6109	5987	-	LC487410.1	-4.346683497628514384519170601	
6312	6172	-	LC487410.1	-1.188025848712909829863883499	
6557	6423	-	LC487410.1	-0.1243273396292383565459372674	
6675	6571	-	LC487410.1	-0.1452142529612724965515180656	
6723	6842	+	LC487410.1	-2.867529088689174891536281404	
6852	6950	+	LC487410.1	-0.3177872776611335751100394879	
6991	7098	+	LC487410.1	-3.018642053483155320812594393	
7128	7223	+	LC487410.1	-1.436999963362118970417159490	
7217	7318	+	LC487410.1	-0.3854175680336773576885735503	
7706	7347	-	LC487410.1	-26.89553588530897014140124147	
8850	7696	-	LC487410.1	-3685761766.367701986417503217	
8933	8838	-	LC487410.1	-1.560248140520160642635474207	
9064	8930	-	LC487410.1	-15.77623524202974773564684830	
9270	9031	-	LC487410.1	-89.59518546124986885918037542	
9491	9267	-	LC487410.1	-3.921822765819231134944681389	
9675	9463	-	LC487410.1	-150.2069034004061419030312121	
10207	9707	-	LC487410.1	-5082.997033892839025801949905	
10598	10266	-	LC487410.1	-1162.876170875546817665331910	
10812	10588	-	LC487410.1	-34.22974509015758845604527882	
11137	10802	-	LC487410.1	-272.1881586314947684463156431	
11735	11199	-	LC487410.1	-53243.39792463859154831892716	
12203	11805	-	LC487410.1	-414.2207411036876746668809655	
12899	12264	-	LC487410.1	-1574824.516049119481056766282	
13470	12913	-	LC487410.1	-2602.051963820274278656992166	
13740	13516	-	LC487410.1	-156.7602267884113109645256018	
14102	13737	-	LC487410.1	-1557.982735204772176626899702	
14376	14047	-	LC487410.1	-2307.739929581682834086687596	
14657	14376	-	LC487410.1	-89.33371551684332051185670027	
15295	14735	-	LC487410.1	-7876.772718227363774747880457	
16375	15299	-	LC487410.1	-65358289.62391424414567189117	
17440	16454	-	LC487410.1	-14185900.78516716317431645450	
17830	17456	-	LC487410.1	-86.55873914683644398144708424	
18345	17827	-	LC487410.1	-16485.97931243577941728909479	
18754	18386	-	LC487410.1	-844.4259664300066836019456884	
19039	18764	-	LC487410.1	-373.8071910356842745256113292	
19301	19002	-	LC487410.1	-245.3929397558280654968103282	
19522	19298	-	LC487410.1	-18.40170198971669608372686130	
19719	19519	-	LC487410.1	-13.42748597291401103443883318	
21409	19799	-	LC487410.1	-148387228436.8167624867991211	
21968	21471	-	LC487410.1	-102275.2144237524630651540853	
22837	21968	-	LC487410.1	-11603783.52234999744755503224	
23330	22905	-	LC487410.1	-11456.22209449399340794114153	
23905	23327	-	LC487410.1	-17390.50606328107524207450018	
24477	23905	-	LC487410.1	-557.5840439278233464104749900	
24906	24487	-	LC487410.1	-2777.189689791082988397675888	
25889	24963	-	LC487410.1	-2720988.003755628637337190345	
26691	25951	-	LC487410.1	-3678081.263248446735122699749	
26801	26688	-	LC487410.1	-3.564598283405199418280130524	
27199	26795	-	LC487410.1	-12294.86953937530845973011222	
28734	27313	-	LC487410.1	-358570273494.7676624991544840	
28983	28735	-	LC487410.1	-44.77685132870609908940625600	
30284	29043	-	LC487410.1	-16536060534.56138437551925526	
30666	30349	-	LC487410.1	-279.1336496380705161634396467	
30826	30668	-	LC487410.1	-29.02616929465924506292186024	
31039	30827	-	LC487410.1	-24.95909857122042919435792551	
31346	31023	-	LC487410.1	-1302.405826943341301007860130	
31572	31348	-	LC487410.1	-8.639463376175269007776388730	
31936	31565	-	LC487410.1	-311.9062286300890055893255707	
32133	31927	-	LC487410.1	-19.03425392209533006193214669	
32318	32118	-	LC487410.1	-13.03790993947461920547632906	
32592	32290	-	LC487410.1	-746.0882092043017330006749243	
33630	32665	-	LC487410.1	-2955294.061468072021534105892	
34224	33763	-	LC487410.1	-10635.36870904215173474224915	
34710	34318	-	LC487410.1	-3000.035020423576056735617655	
35384	34710	-	LC487410.1	-23073.95685413727896687334876	
35621	35514	-	LC487410.1	-11.55124369674880095201469155	
35807	35703	-	LC487410.1	-1.992601160277083526481612152	
36613	35966	-	LC487410.1	-744777.1862728331590159958235	
36893	36603	-	LC487410.1	-479.2279168437822080539437082	
37267	36890	-	LC487410.1	-293.1963257400063199380050964	
37526	37260	-	LC487410.1	-830.8475139795138882193885567	
37787	37695	-	LC487410.1	-3.085948492057072111035425627	
38520	37894	-	LC487410.1	-78960.01167841967184591664738	
38679	38590	-	LC487410.1	-0.4035582718932487839518654553	
38947	38690	-	LC487410.1	-24.94528384395336812783578870	
39150	38956	-	LC487410.1	-13.01408735141725645069320881	
39247	39143	-	LC487410.1	-9.438884811548073010433763848	
39543	39331	-	LC487410.1	-171.9369072560088939486773034	
39751	39605	-	LC487410.1	-1.049656306901551192766868532	
40004	39744	-	LC487410.1	-299.2944695704453836574174987	
40719	40087	-	LC487410.1	-8208.211584209132970812503848	
41267	40719	-	LC487410.1	-108034.3341418744252663258457	
41743	41267	-	LC487410.1	-3915.523639795431203573401483	
41917	41825	-	LC487410.1	-2.917465743301762147087006525	
42067	41963	-	LC487410.1	-0.06663386094391566626484245034	
42352	42068	-	LC487410.1	-181.9171430541658840377322549	
42505	42404	-	LC487410.1	-0.2183418344821022299754921893	
42713	42534	-	LC487410.1	-24.06658540455481111179731422	
43171	43046	-	LC487410.1	-0.1278256228151404475330399672	
43383	43153	-	LC487410.1	-140.8644109649975888993824142	
43784	43380	-	LC487410.1	-2360.342054645733538239915268	
43918	44016	+	LC487410.1	-0.2091715942867289696428001906	
44094	43987	-	LC487410.1	-4.284736227887473218493555249	
44235	44137	-	LC487410.1	-0.1423613465955034163639593819	
44438	44256	-	LC487410.1	-49.62938083184394475587570289	
44582	44680	+	LC487410.1	-1.865373029866535419549391438	
44712	44804	+	LC487410.1	-0.2323678494065462321586130658	
44978	44844	-	LC487410.1	-0.6807737147493912900361416351	
45108	44995	-	LC487410.1	-0.1752151261221513479969411580	
45328	45086	-	LC487410.1	-0.9552567086658494879307713990	
45447	45352	-	LC487410.1	-1.651640188176620565127048494	
45852	45601	-	LC487410.1	-4.446216731318262268127665757	
46567	45932	-	LC487410.1	-21262.50149819337095743767862	
46649	46548	-	LC487410.1	-1.161768099681974166004877583	
46784	46662	-	LC487410.1	-2.140466327363205499175462163	
46794	46916	+	LC487410.1	-0.08530475143988102191926431994	
47255	47013	-	LC487410.1	-80.65091961163485919823995843	
47493	47257	-	LC487410.1	-168.4021370291902026089675927	
47697	47503	-	LC487410.1	-79.96064431758425862949458467	
48720	47773	-	LC487410.1	-2457378.365775418009169019724	
49039	48767	-	LC487410.1	-173.0203379613467918552630429	
49199	49032	-	LC487410.1	-15.18070148685001050479433831	
49474	49199	-	LC487410.1	-246.2631505151021932515279586	
49809	49543	-	LC487410.1	-138.2308811616711116421149369	
50117	49878	-	LC487410.1	-94.06190540752543852082912651	
50352	50119	-	LC487410.1	-51.55702027932644727932313064	
50591	50400	-	LC487410.1	-2.833031088397954676803430153	
50913	50584	-	LC487410.1	-49.03960674012320285408910119	
51368	50910	-	LC487410.1	-2851.990979220578003157972661	
51579	51349	-	LC487410.1	-121.2834249259412143363082592	
52000	51560	-	LC487410.1	-1673.305382902707579925117629	
52383	52000	-	LC487410.1	-2358.059288786834315444987742	
52955	52473	-	LC487410.1	-12817.12922655014793582487756	
54669	52957	-	LC487410.1	-21744151712149.06413202639113	
55643	54651	-	LC487410.1	-10535787.01455852275808695687	
55855	55643	-	LC487410.1	-177.3080091618497208426460322	
58050	55897	-	LC487410.1	-892613259913475.2359627989903	
58037	58126	+	LC487410.1	-0.06412936196960373421753403253	
58154	58252	+	LC487410.1	-1.048935852324497011211517608	
58321	58635	+	LC487410.1	-716.1275436266364662529280932	
58665	58787	+	LC487410.1	-2.760106185764868892824741219	
58827	58988	+	LC487410.1	-0.1640204583872826680199904033	
58985	59077	+	LC487410.1	-2.563345044626668729730155882	
59162	59290	+	LC487410.1	-0.8247904501830650786091747730	
59476	62265	+	LC487410.1	-992632446504417432413.6680527	
62316	62549	+	LC487410.1	-5.718625528619347816733541545	
62539	62697	+	LC487410.1	-18.52616001253044813863078655	
62682	62858	+	LC487410.1	-23.03073805717972566019073498	
62876	63085	+	LC487410.1	-54.73663637761614292786716039	
63096	63926	+	LC487410.1	-17266008.65559474362021638730	
64006	64413	+	LC487410.1	-5093.994214382377127457649633	
64440	64760	+	LC487410.1	-323.1999092995093805299859614	
64744	65055	+	LC487410.1	-760.9504647316843107792831160	
65082	65315	+	LC487410.1	-384.9739730538806803700091248	
65316	65684	+	LC487410.1	-14502.32122763051074112150258	
65684	65950	+	LC487410.1	-173.2218303708877345235026654	
65984	66952	+	LC487410.1	-3552072808.202870653323692229	
67102	67010	-	LC487410.1	-3.179190360259092904418148876	
67157	67714	+	LC487410.1	-51232.61150868780917757314426	
67726	67938	+	LC487410.1	-0.1427704494025565688521042922	
67968	68744	+	LC487410.1	-381429.3387079154277160676034	
68749	69513	+	LC487410.1	-19027141.54554207284247105053	
69573	70973	+	LC487410.1	-199568474424.0841241283041800	
70960	71832	+	LC487410.1	-9553046.018437182882172902410	
71928	74492	+	LC487410.1	-5140840450544553656.433848672	
74563	74991	+	LC487410.1	-724.7380853336212626456498956	
74988	76343	+	LC487410.1	-194238482748.2065327723777830	
76475	76852	+	LC487410.1	-5213.023627682854796847613887	
76943	77248	+	LC487410.1	-251.3366792311402732514350799	
77245	78048	+	LC487410.1	-406049.6840100141190937985426	
78095	78472	+	LC487410.1	-6280.131909685723216644901958	
78472	79455	+	LC487410.1	-19402704.25723488810154482536	
79445	81319	+	LC487410.1	-25513633438688676.26354730032	
81312	81800	+	LC487410.1	-2093.375372995005658796920967	
81797	82669	+	LC487410.1	-10807914.49170583779046100402	
82669	83121	+	LC487410.1	-58536.07243105700553946818806	
83702	83148	-	LC487410.1	-1143.801955575648947538452750	
85331	83712	-	LC487410.1	-7452590617.734591685083248601	
90209	85341	-	LC487410.1	-1.467602331463429275581831148E+29	
91002	90220	-	LC487410.1	-2224774.275013064524775160623	
94562	91005	-	LC487410.1	-1172907595055199664.749480311	
97402	94559	-	LC487410.1	-2555022845292082764957.637546	
98016	97399	-	LC487410.1	-1605251.850909148840367921327	
101251	98180	-	LC487410.1	-614038866909803588018719.9743	
102025	101267	-	LC487410.1	-613006.5057575352010180927979	
102430	102107	-	LC487410.1	-2094.024154087511918791808322	
102920	102510	-	LC487410.1	-6473.369286854875129110243078	
103801	102917	-	LC487410.1	-13287768.93743055447144879062	
105241	103814	-	LC487410.1	-121193615228.4545373693422505	
105741	105256	-	LC487410.1	-357711.5160681454293624024777	
106484	105738	-	LC487410.1	-390150.7443221251617490147321	
107029	106484	-	LC487410.1	-72540.76593264501985444047006	
108493	107096	-	LC487410.1	-2345611965483.483828958807534	
109106	108501	-	LC487410.1	-454649.7388153628935998890911	
109335	109093	-	LC487410.1	-137.1184425015650151629258620	
110551	109322	-	LC487410.1	-449221605972.6000891297490392	
111024	110554	-	LC487410.1	-7152.865010178048453504671386	
112425	111106	-	LC487410.1	-6269366572.558504873532274442	
112895	112425	-	LC487410.1	-12081.94173790621561864752920	
112980	112885	-	LC487410.1	-0.2638856922842618798162631229	
113017	114933	+	LC487410.1	-66284945247.28598033383580501	
