#id:	LC597490.1
#START	STOP	FRAME	CONTIG	SCORE
31	402	+	LC597490.1	-1215.727418903494540897697063	
488	745	+	LC597490.1	-276.6440394637972311166704809	
767	1405	+	LC597490.1	-2463338.522975424522721921120	
1441	1908	+	LC597490.1	-56767.40823195853771908091476	
1963	2235	+	LC597490.1	-433.1162511971682764870168119	
2228	3004	+	LC597490.1	-238797.0947946473298511959835	
3006	3236	+	LC597490.1	-23.64244147457510566272867298	
3248	3592	+	LC597490.1	-567.8827679923705075092632072	
3605	3826	+	LC597490.1	-131.8175933459400487550030142	
3838	4011	+	LC597490.1	-10.22079597940770734680388927	
4014	4409	+	LC597490.1	-52198.42736560310680976392208	
4479	4757	+	LC597490.1	-1972.389941406540391339545158	
4778	5014	+	LC597490.1	-2.058487644280116893192576929	
5058	5642	+	LC597490.1	-442392.3335400814717835516333	
5590	6165	+	LC597490.1	-13786.63300494001023553211484	
6165	7685	+	LC597490.1	-222697630957.9285267780797780	
7949	7836	-	LC597490.1	-0.1514062524556849943242113996	
7940	8944	+	LC597490.1	-52129290876.88327038931791255	
8992	9255	+	LC597490.1	-244.6751367561634470530539645	
9292	9924	+	LC597490.1	-378604.9018361003722279029679	
9938	10318	+	LC597490.1	-10995.87912415299738557608194	
10303	10509	+	LC597490.1	-58.63611154191175598712421377	
10511	10951	+	LC597490.1	-586314.4883011833909312577371	
10932	11330	+	LC597490.1	-760.2271996877725492394598250	
11333	11527	+	LC597490.1	-13.25642551763384849518908510	
11531	11899	+	LC597490.1	-7329.320859606501307830330581	
11998	13071	+	LC597490.1	-7848652905608.774391211743557	
13058	13150	+	LC597490.1	-2.353727016182898668252117225	
13203	13409	+	LC597490.1	-0.06815887043151427837482066126	
13502	14335	+	LC597490.1	-277183811.9816695688804149474	
14985	14353	-	LC597490.1	-22817.23672839736542618079238	
15484	14990	-	LC597490.1	-686.8692762022616877057472960	
16274	15462	-	LC597490.1	-674969.7861939195551445468632	
16537	16277	-	LC597490.1	-44.08956405039491443635354243	
17002	16541	-	LC597490.1	-40698.02743671484608396558427	
17770	17129	-	LC597490.1	-15020183.56698484872630083495	
18348	17770	-	LC597490.1	-13114.95640725576036482626201	
18698	18378	-	LC597490.1	-1959.559923881047783286380414	
19074	18691	-	LC597490.1	-42076.89867639520450212202526	
19601	19077	-	LC597490.1	-16288.65590290790299726422364	
19722	19579	-	LC597490.1	-9.010925376215967315128037178	
20065	19703	-	LC597490.1	-35426.09041359466888645065349	
20366	20097	-	LC597490.1	-3739.857897974841346592945194	
21183	20380	-	LC597490.1	-202820.6974595781881364145775	
21334	21152	-	LC597490.1	-104.7126519543332680368715851	
21513	21334	-	LC597490.1	-0.8176009291343609086272088960	
22805	21510	-	LC597490.1	-349998501377.2859689269735254	
22880	23404	+	LC597490.1	-2615740.197712833232102347119	
23496	24374	+	LC597490.1	-63105415.36472798845904510147	
24427	24714	+	LC597490.1	-7229.616965421938729727239188	
24759	25481	+	LC597490.1	-16791322.06123179302441781311	
25459	26469	+	LC597490.1	-437316444.7161882957844026435	
26493	26651	+	LC597490.1	-92.80091624888517304495147632	
26667	27767	+	LC597490.1	-1294330371.555717489402504563	
27805	28587	+	LC597490.1	-1797452.057491786002656148904	
28598	28831	+	LC597490.1	-1030.175932110626072063272360	
28878	29003	+	LC597490.1	-9.073224119724549332860579997	
29022	29438	+	LC597490.1	-414.8927059415933529946968945	
29455	30312	+	LC597490.1	-50121980.47539655514070612895	
30332	30682	+	LC597490.1	-1864.992843691866214060708427	
30666	31025	+	LC597490.1	-67.99293212227393803590591213	
31054	32274	+	LC597490.1	-19022947680.29188929868625028	
32288	33013	+	LC597490.1	-49489.90389615897887802648036	
33028	33378	+	LC597490.1	-3571.591295891457350079471896	
33398	33709	+	LC597490.1	-1289.246934773744707485307794	
33724	34317	+	LC597490.1	-117447.1338155199728075804750	
34314	34850	+	LC597490.1	-275509.9820525857128019037235	
35167	34931	-	LC597490.1	-726.7402661290063344158326061	
36184	35186	-	LC597490.1	-2049615.341510615281485830402	
36821	36219	-	LC597490.1	-89.70305182896558664873546009	
37344	36808	-	LC597490.1	-886.5652374887961923347107618	
38643	37390	-	LC597490.1	-1402531463.316835943627000354	
39420	38659	-	LC597490.1	-18275240.66756069128828136741	
41517	39433	-	LC597490.1	-2702157631551554450.242543765	
43333	41519	-	LC597490.1	-3940545300603380.886559538891	
44794	43346	-	LC597490.1	-31598210908726.40385706789760	
45726	44809	-	LC597490.1	-33529371515.15294714472189226	
45835	45719	-	LC597490.1	-1.197291910080360555588312589	
52472	45858	-	LC597490.1	-1.348476317302504343441714750E+43	
52744	52598	-	LC597490.1	-53.85184626660082037519656036	
53273	52887	-	LC597490.1	-4174.642936214742582799772351	
60218	53313	-	LC597490.1	-1.449274760454653975935854290E+45	
60981	60238	-	LC597490.1	-5783217.685245510235865256980	
61328	60978	-	LC597490.1	-622.0491461659527005931246951	
67099	61415	-	LC597490.1	-1.184303076585353496116841960E+47	
67297	67112	-	LC597490.1	-63.23927778301316805989536033	
71786	67299	-	LC597490.1	-1.363868065227196394223716458E+36	
74404	71783	-	LC597490.1	-4700807264601436914861.440645	
77743	74498	-	LC597490.1	-4357253667432311367120731.973	
79953	77755	-	LC597490.1	-32518551309075204.00010966090	
80979	79966	-	LC597490.1	-47633915.95496277755373788195	
81246	80992	-	LC597490.1	-249.4738174890599843486601664	
82856	81246	-	LC597490.1	-2223147419439.008469051050573	
83669	82869	-	LC597490.1	-30719755.39438578263172933174	
84169	83669	-	LC597490.1	-79691.71791637676823161139072	
84639	84166	-	LC597490.1	-39007.29751794408904124051885	
85005	84652	-	LC597490.1	-4864.958149869688895434862489	
86311	85010	-	LC597490.1	-883579976791.8070790388358005	
87598	86324	-	LC597490.1	-8114280043.223051270132145493	
94575	87613	-	LC597490.1	-7.997146366181874008915671661E+52	
102139	94592	-	LC597490.1	-8.280273329045192663072836262E+64	
108229	102152	-	LC597490.1	-5.856600266115913559356918232E+49	
108769	108245	-	LC597490.1	-131801.2864689657296276335660	
109312	108830	-	LC597490.1	-17881.68095702856618501876433	
110078	109338	-	LC597490.1	-9763902.872014942991977282865	
110716	110144	-	LC597490.1	-7170.124924156286307903461378	
111343	110768	-	LC597490.1	-4453.321575471407864639106374	
112982	111402	-	LC597490.1	-3579767074175.030630514778522	
113640	112984	-	LC597490.1	-51383.63620315980672580393337	
115091	113640	-	LC597490.1	-29242102337.15247484234312166	
115624	115100	-	LC597490.1	-51785.57995771878006205074401	
117157	115637	-	LC597490.1	-143507477934603.0880219304480	
118048	117203	-	LC597490.1	-41958138.86311970605232360011	
118444	118070	-	LC597490.1	-2168.371535492079669956006627	
118855	118487	-	LC597490.1	-7414.529117458734841478539587	
120058	118922	-	LC597490.1	-258270900.0211489795815389918	
121370	120141	-	LC597490.1	-173243046248.0225734220720967	
122813	121392	-	LC597490.1	-1969969247352.445572352879780	
124877	122829	-	LC597490.1	-537441418090325910.6044532228	
125771	124896	-	LC597490.1	-112354860.4483709628621852015	
127159	125771	-	LC597490.1	-216314176131.7318583960783356	
127273	127172	-	LC597490.1	-0.05112248025023790021682102142	
130236	127312	-	LC597490.1	-9321971336107645167319.789777	
130749	130237	-	LC597490.1	-3220.753649484657717363325151	
131204	130755	-	LC597490.1	-666.7058810454827538569105794	
131859	131218	-	LC597490.1	-20687.22702231558945708457425	
132981	131899	-	LC597490.1	-102369476.9277278444115865701	
133686	132985	-	LC597490.1	-1511461.234654683316649987890	
133777	133953	+	LC597490.1	-0.5675451843919794105113240189	
134061	133972	-	LC597490.1	-11.48651424625563776919456744	
135263	134151	-	LC597490.1	-4727976132.773761374894850550	
135376	135579	+	LC597490.1	-139.1243899702786682489240870	
135576	135671	+	LC597490.1	-1.434602628663220376808322848	
135747	136115	+	LC597490.1	-195.2439460177208555193489859	
136117	136434	+	LC597490.1	-361.4862628939797459723523889	
136421	136684	+	LC597490.1	-13.88176155302700926231831363	
136729	136821	+	LC597490.1	-17.47765927005819562819113640	
136818	136916	+	LC597490.1	-0.1446870795800506442340008174	
136972	137076	+	LC597490.1	-0.06308951751722819936647749078	
137049	137144	+	LC597490.1	-1.071809669989526831826844401	
137216	137404	+	LC597490.1	-11.09827981237305348936571250	
137428	137958	+	LC597490.1	-18915.05062068575039465499077	
137960	138583	+	LC597490.1	-96572.43384684266506066542558	
138655	139434	+	LC597490.1	-158696172.9721050297666213647	
139439	139975	+	LC597490.1	-24493.52177578642016327651098	
140080	140376	+	LC597490.1	-3110.492661149594526993198734	
140380	140475	+	LC597490.1	-0.07225948307022456913431474967	
140512	141423	+	LC597490.1	-2474586352.905479551353240345	
141487	141918	+	LC597490.1	-439.2693267356162111384131854	
141896	142381	+	LC597490.1	-3759.077754114766245708043471	
142456	142719	+	LC597490.1	-350.6212370175927357284467251	
142782	142877	+	LC597490.1	-0.1616740134322955623949747281	
142874	143092	+	LC597490.1	-1.291852142974604145171596085	
143186	143893	+	LC597490.1	-1770999.715488946842250224426	
144024	146492	+	LC597490.1	-780766612845605700933640.4483	
146580	148361	+	LC597490.1	-35352839476018.34554155979590	
148444	150522	+	LC597490.1	-176509250482645495.2653743978	
150506	150859	+	LC597490.1	-32.60898370223751476452518094	
150919	151230	+	LC597490.1	-38.90534616220291108022660443	
151217	151402	+	LC597490.1	-70.73030919077158280450437353	
151466	151663	+	LC597490.1	-16.72884721571263500288139579	
151660	151908	+	LC597490.1	-5.065300774714865779459228539	
151930	152583	+	LC597490.1	-310857.4647712362059709581556	
152762	152637	-	LC597490.1	-1.039094060526426059285852093	
152748	152837	+	LC597490.1	-45.63926774216680718334890469	
152834	153082	+	LC597490.1	-173.9992323185717659842774751	
153075	153392	+	LC597490.1	-136.5244342500046055845227537	
153566	153760	+	LC597490.1	-55.66942042400842912897818971	
153739	153975	+	LC597490.1	-235.2273376480775754726340002	
153986	154216	+	LC597490.1	-6377.463886716419885087543509	
154213	154470	+	LC597490.1	-151.5648275485726754099723697	
154467	154805	+	LC597490.1	-1411.165184251577769588980858	
154875	155309	+	LC597490.1	-13018.83014988040786021664167	
155320	155424	+	LC597490.1	-98.30492885056002139079343032	
155424	155633	+	LC597490.1	-963.5850963976712809141940234	
155647	155763	+	LC597490.1	-31.28761300009538381562832625	
155791	155973	+	LC597490.1	-4.822085655200032873708868603	
155986	156237	+	LC597490.1	-204.0659595197067828434575345	
156238	156480	+	LC597490.1	-588.3949351946787155955938941	
156490	156732	+	LC597490.1	-174.5185389423483777854667773	
156747	157031	+	LC597490.1	-6386.152038542659822986920637	
157021	157266	+	LC597490.1	-12.75784339059853424235928642	
157276	157632	+	LC597490.1	-15401.91152280820554944291578	
157620	157796	+	LC597490.1	-0.5532938336638351888548378303	
157809	157955	+	LC597490.1	-12.59069412769310686622254091	
157952	158176	+	LC597490.1	-38.53046523413514226551053245	
158188	158454	+	LC597490.1	-8361.112903710523908831558902	
158522	158689	+	LC597490.1	-113.8499833563502133490716824	
158686	158916	+	LC597490.1	-32.42590811172427778920373414	
159026	159343	+	LC597490.1	-13782.36921436996739800788805	
159389	159688	+	LC597490.1	-37014.60667034393263792532533	
159700	160053	+	LC597490.1	-79529.46870062870935194696820	
160046	160381	+	LC597490.1	-59515.85830115078396197717480	
160374	160739	+	LC597490.1	-1838.848140420872668112059835	
160748	160876	+	LC597490.1	-24.64475088720373718970672642	
160888	161235	+	LC597490.1	-8823.623240982350438519195342	
161235	161375	+	LC597490.1	-123.0362067561825394853671603	
161380	161625	+	LC597490.1	-59.38280369778638044432436257	
161690	161812	+	LC597490.1	-11.52590394716171912083702773	
161850	161969	+	LC597490.1	-0.1974098819538257076937268629	
161971	162204	+	LC597490.1	-13.04316291055624944622983785	
162215	162442	+	LC597490.1	-27.47246390316157548918956885	
162454	162738	+	LC597490.1	-4921.220705562709521349097886	
162750	163028	+	LC597490.1	-1717.459167631557843597019477	
163025	163249	+	LC597490.1	-1.679966847530996572182129739	
163269	165341	+	LC597490.1	-117484029519764414241.9044829	
165416	166495	+	LC597490.1	-230157225276.6491513753359927	
166555	166791	+	LC597490.1	-14.17682923397875721201366853	
166807	167421	+	LC597490.1	-13022314.68519992522244735552	
167411	167596	+	LC597490.1	-160.6751965868791840804481309	
167633	167767	+	LC597490.1	-6.458888306088298997576674964	
167781	168179	+	LC597490.1	-4487.189837908766512768758734	
168232	168534	+	LC597490.1	-543.4109770673610432276497917	
168524	168802	+	LC597490.1	-1309.555088392710294311815441	
168792	169076	+	LC597490.1	-41057.41525818550352071302548	
169073	169360	+	LC597490.1	-4173.294358889956637040881545	
169378	169665	+	LC597490.1	-14903.77474501932136408729547	
169683	169796	+	LC597490.1	-2.521081533658088317975512613	
169812	170243	+	LC597490.1	-65722.86249570515686440639583	
170295	170687	+	LC597490.1	-11077.56700361957952606216126	
170701	170832	+	LC597490.1	-7.077922231925175852716108835	
170838	170984	+	LC597490.1	-1.713183533187229342361620825	
170989	171444	+	LC597490.1	-212477.7164524174147478327763	
171413	171778	+	LC597490.1	-17750.94653992563263959083364	
171781	172050	+	LC597490.1	-428.1258907745507034925488099	
172076	172723	+	LC597490.1	-18438474.30078438478438985915	
172720	173418	+	LC597490.1	-38435193.67297476358523901620	
173464	173952	+	LC597490.1	-3222.011795183291764370662852	
173959	174051	+	LC597490.1	-3.762916686892319720123181979	
174052	174324	+	LC597490.1	-1440.931661198747544887910467	
174362	174541	+	LC597490.1	-434.7292060864601845244971001	
174637	174966	+	LC597490.1	-586.2272302216598081627032658	
174971	175066	+	LC597490.1	-0.7211545684386855055207939950	
175068	175907	+	LC597490.1	-2438940762.472237577561760471	
176051	177526	+	LC597490.1	-612221060916375.7364746817389	
177665	178477	+	LC597490.1	-77074526.70336485326116522336	
178477	178683	+	LC597490.1	-10.42632150886371784984742874	
178788	179687	+	LC597490.1	-56824673.03765487574962152812	
179765	180148	+	LC597490.1	-169529.1458978875162191309328	
180163	181692	+	LC597490.1	-2743979770543388.711739824929	
181723	182448	+	LC597490.1	-2922835.173124549198343207253	
182508	183890	+	LC597490.1	-459904249613.3103117956151298	
183960	184817	+	LC597490.1	-485447807.1419599044752986281	
184846	185319	+	LC597490.1	-2749390.163318618949962955375	
185346	185780	+	LC597490.1	-111472.6573325528589272976015	
185867	186940	+	LC597490.1	-5729455711.125430428822717266	
187235	187044	-	LC597490.1	-0.1986547358337040502363773246	
187181	187522	+	LC597490.1	-49608.86328941121335694601745	
187528	187860	+	LC597490.1	-2513.129922697877934931261334	
187946	187818	-	LC597490.1	-0.1599453123199750491634390430	
188059	188487	+	LC597490.1	-152161.6627680665295067569859	
188505	188597	+	LC597490.1	-0.1372309090645121830177138705	
188615	188707	+	LC597490.1	-1.975096252203420742313648367	
188719	188859	+	LC597490.1	-1.512209379501371279288247277	
188959	189081	+	LC597490.1	-0.05381067325504715843477898328	
189210	189797	+	LC597490.1	-1107311.287291256356035716822	
189797	190207	+	LC597490.1	-9541.982505845629988709168055	
190200	190571	+	LC597490.1	-1521.720720777287558568208717	
190585	191160	+	LC597490.1	-8373.183449057497177242866593	
191230	191598	+	LC597490.1	-11648.06090728591377456705513	
191598	191912	+	LC597490.1	-2634.948117511655298560924042	
191925	192230	+	LC597490.1	-216.1890210415911019082954240	
192245	192544	+	LC597490.1	-523.3297842879705802544434330	
192557	192865	+	LC597490.1	-23067.27189245493849243242415	
192878	193189	+	LC597490.1	-6066.530461245243889602193070	
193201	193638	+	LC597490.1	-174576.7646051638461751749761	
193571	194086	+	LC597490.1	-122762.3824632196561287262327	
194043	194132	+	LC597490.1	-1.112509396813383632671258512	
194353	195708	+	LC597490.1	-117818210185.8116131860246403	
195959	195819	-	LC597490.1	-0.08861463329994240756513967899	
196210	196022	-	LC597490.1	-0.05507836432861741459049302840	
196412	196290	-	LC597490.1	-4.425597664262476837372174552	
196433	197353	+	LC597490.1	-29080405.87315233074957947597	
197367	197633	+	LC597490.1	-0.6086398151867958395346254715	
197757	198551	+	LC597490.1	-15883390.07098379228993355130	
198596	198838	+	LC597490.1	-392.1085113477534224005352337	
198929	199342	+	LC597490.1	-7074.225832741281874941462133	
199350	199439	+	LC597490.1	-0.06660530465861260162415586283	
199441	199530	+	LC597490.1	-3.803521478064114821221468121	
199532	199702	+	LC597490.1	-405.6619607365022920863738274	
199782	199874	+	LC597490.1	-0.05049715546869882926951618377	
199918	200034	+	LC597490.1	-2.766532836980456822600145399	
200188	200280	+	LC597490.1	-0.05336056486440176902989175730	
200315	201094	+	LC597490.1	-79753875.65434487064381161111	
201126	201539	+	LC597490.1	-6887.017522020962505273772278	
201544	201801	+	LC597490.1	-921.9681446988186582820343446	
201798	202055	+	LC597490.1	-501.2830593152955625894481264	
202048	202278	+	LC597490.1	-65.06066221762508805114784814	
202275	202517	+	LC597490.1	-88.55818034139637194685575463	
202514	202759	+	LC597490.1	-1511.215336830509969265127971	
202973	202833	-	LC597490.1	-1.024637521054137138418138796	
202962	203135	+	LC597490.1	-15.19611581708142322251288403	
203243	203716	+	LC597490.1	-4705.908163483347166064620912	
203789	204115	+	LC597490.1	-6226.434884827781072312994086	
204115	204492	+	LC597490.1	-135970.6879066173901953796511	
204489	204818	+	LC597490.1	-1016.532064320366953074570185	
204815	205141	+	LC597490.1	-4838.266996033357613863933240	
205138	205461	+	LC597490.1	-449.2230389296788589797908388	
205458	205790	+	LC597490.1	-201.2885253282913557040703636	
205787	206083	+	LC597490.1	-1253.006071105519730935972851	
206080	206385	+	LC597490.1	-20699.12376465639238034486687	
206739	206407	-	LC597490.1	-96.20865339701605429007361525	
206854	206762	-	LC597490.1	-0.1235183976658900665899207213	
207010	206918	-	LC597490.1	-1.192125645905503232197220858	
207116	207015	-	LC597490.1	-0.09272237233486588454006709131	
207103	207249	+	LC597490.1	-0.1535994115576248093952249938	
207258	207389	+	LC597490.1	-0.2702549776675503824308537038	
207409	207795	+	LC597490.1	-1083.833141141992214280420590	
207788	208117	+	LC597490.1	-9470.410337613546604697760484	
208131	208454	+	LC597490.1	-14545.52484501474648144944130	
208465	208764	+	LC597490.1	-710.6840044252249399855050692	
208918	209301	+	LC597490.1	-643.0049276664420116417335488	
209276	211372	+	LC597490.1	-11893302547934699.30293325620	
211429	212397	+	LC597490.1	-620856839.9569068380177710845	
212452	212688	+	LC597490.1	-39.10987609039735865015700173	
212688	213029	+	LC597490.1	-4589.081867319750664310043007	
213030	213308	+	LC597490.1	-469.4134779974788971467798165	
213506	213288	-	LC597490.1	-2.218632702137759681853534467	
213499	214182	+	LC597490.1	-16580.71465196769523819807071	
214186	214518	+	LC597490.1	-118.3224701910063724290348143	
214538	214786	+	LC597490.1	-870.4036767145298581897787143	
214800	215489	+	LC597490.1	-41961.44599152246535509692724	
215545	215766	+	LC597490.1	-28.44192537144414989627357045	
215763	216284	+	LC597490.1	-2743.274990926532192711233993	
216277	216588	+	LC597490.1	-18769.21998773734936228154212	
216581	216886	+	LC597490.1	-237.2526798345103125879047937	
216921	217046	+	LC597490.1	-23.73411258647485651822676800	
217033	217539	+	LC597490.1	-50262.34268675200414585030944	
217576	218184	+	LC597490.1	-219104.2693816915104660595726	
218222	218548	+	LC597490.1	-208.9168013248056857736960961	
218545	219627	+	LC597490.1	-21480831976.93274981658168719	
219675	220385	+	LC597490.1	-4198552.610771080907313682164	
220385	220609	+	LC597490.1	-86.51798584949042036468955627	
220587	220889	+	LC597490.1	-685.5235048988402655192486725	
220849	221262	+	LC597490.1	-24621.27123291764576796993026	
221281	222111	+	LC597490.1	-112815997.5149524030941937235	
222122	222319	+	LC597490.1	-2830.341036348139204527867743	
222361	222657	+	LC597490.1	-345.9161395340697630973216586	
222676	223629	+	LC597490.1	-387537968.9743882845377967800	
223648	224148	+	LC597490.1	-12056.01946135636486809821880	
224200	224292	+	LC597490.1	-0.05925241902688394218242249229	
224286	226205	+	LC597490.1	-7763084207936402094.870527064	
226299	227417	+	LC597490.1	-46309859406.67279793661852027	
227482	227913	+	LC597490.1	-457703.6876640456128692273140	
227960	228304	+	LC597490.1	-18882.15141132904006225516559	
228318	228578	+	LC597490.1	-3448.941540394755154745760362	
228575	228901	+	LC597490.1	-2392.137592278222340464450046	
228901	229029	+	LC597490.1	-0.2819306345611165353626280445	
229026	229796	+	LC597490.1	-855363.7003523396578774214252	
